<?xml version="1.0" encoding="UTF-8"?>
<!-- Generated by org.testng.reporters.JUnitReportReporter -->
<testsuite hostname="DESKTOP-6L476PM" failures="0" tests="1" name="Rest_Assured_Datadriven.Data_Driven_Testcases" time="0.000" errors="0" timestamp="2022-03-29T02:21:25 EET" skipped="1">
  <testcase classname="Rest_Assured_Datadriven.Data_Driven_Testcases" name="validate_invalid_responnse_TC2" time="0.000">
    <skipped/>
  </testcase> <!-- validate_invalid_responnse_TC2 -->
  <system-out/>
</testsuite> <!-- Rest_Assured_Datadriven.Data_Driven_Testcases -->
