<?xml version="1.0" encoding="UTF-8"?>
<!-- Generated by org.testng.reporters.JUnitReportReporter -->
<testsuite hostname="DESKTOP-6L476PM" failures="0" tests="5" name="RestAssured_json.RestAssured_json_testcases" time="4.178" errors="0" timestamp="2022-03-29T03:48:43 EET" skipped="0">
  <testcase classname="RestAssured_json.RestAssured_json_testcases" name="validate_invalid_data_TC3" time="2.350"/>
  <system-out/>
  <testcase classname="RestAssured_json.RestAssured_json_testcases" name="validate_response_data_TC2" time="1.081"/>
  <system-out/>
  <testcase classname="RestAssured_json.RestAssured_json_testcases" name="validate_response_code_TC1" time="0.277"/>
  <system-out/>
  <testcase classname="RestAssured_json.RestAssured_json_testcases" name="validate_response_data_dd" time="0.226"/>
  <system-out/>
  <testcase classname="RestAssured_json.RestAssured_json_testcases" name="validate_response_data_dd" time="0.244"/>
  <system-out/>
</testsuite> <!-- RestAssured_json.RestAssured_json_testcases -->
